[35m[Appium][39m Available drivers:
[35m[Appium][39m   - uiautomator2@2.9.0 (automationName 'UiAutomator2')
[35m[Appium][39m   - xcuitest@4.12.1 (automationName 'XCUITest')
[35m[Appium][39m No plugins have been installed. Use the "appium plugin" command to install the one(s) you want to use.
[35m[HTTP][39m [37m-->[39m [37mPOST[39m [37m/session[39m
[35m[HTTP][39m [90m{"capabilities":{"alwaysMatch":{"platformName":"Android","appium:platformVersion":"11","appium:deviceName":"Pixel 3","appium:automationName":"UIAutomator2","appium:app":"/Users/juancarlos/webdriverio-appium/app/android/ApiDemos-debug.apk"},"firstMatch":[{}]},"desiredCapabilities":{"platformName":"Android","appium:platformVersion":"11","appium:deviceName":"Pixel 3","appium:automationName":"UIAutomator2","appium:app":"/Users/juancarlos/webdriverio-appium/app/android/ApiDemos-debug.apk"}}[39m
[debug] [35m[AppiumDriver@e5af][39m Calling AppiumDriver.createSession() with args: [{"platformName":"Android","appium:platformVersion":"11","appium:deviceName":"Pixel 3","appium:automationName":"UIAutomator2","appium:app":"/Users/juancarlos/webdriverio-appium/app/android/ApiDemos-debug.apk"},null,{"alwaysMatch":{"platformName":"Android","appium:platformVersion":"11","appium:deviceName":"Pixel 3","appium:automationName":"UIAutomator2","appium:app":"/Users/juancarlos/webdriverio-appium/app/android/ApiDemos-debug.apk"},"firstMatch":[{}]}]
[debug] [35m[AppiumDriver@e5af][39m Event 'newSessionRequested' logged at 1666957448515 (13:44:08 GMT+0200 (Central European Summer Time))
[35m[Appium][39m Attempting to find matching driver for automationName 'UIAutomator2' and platformName 'Android'
[35m[Appium][39m The 'uiautomator2' driver was installed and matched caps.
[35m[Appium][39m Will require it at /Users/juancarlos/webdriverio-appium/node_modules/appium-uiautomator2-driver
[debug] [35m[Appium][39m Requiring driver at /Users/juancarlos/webdriverio-appium/node_modules/appium-uiautomator2-driver
[35m[AppiumDriver@e5af][39m Appium v2.0.0-beta.46 creating new AndroidUiautomator2Driver (v2.9.0) session
[35m[AppiumDriver@e5af][39m Checking BaseDriver versions for Appium and AndroidUiautomator2Driver
[35m[AppiumDriver@e5af][39m Appium's BaseDriver version is 8.7.3
[35m[AppiumDriver@e5af][39m AndroidUiautomator2Driver's BaseDriver version is 8.7.3
[debug] [35m[AndroidUiautomator2Driver@e065][39m Creating session with W3C capabilities: {
[debug] [35m[AndroidUiautomator2Driver@e065][39m   "alwaysMatch": {
[debug] [35m[AndroidUiautomator2Driver@e065][39m     "platformName": "Android",
[debug] [35m[AndroidUiautomator2Driver@e065][39m     "appium:platformVersion": "11",
[debug] [35m[AndroidUiautomator2Driver@e065][39m     "appium:deviceName": "Pixel 3",
[debug] [35m[AndroidUiautomator2Driver@e065][39m     "appium:automationName": "UIAutomator2",
[debug] [35m[AndroidUiautomator2Driver@e065][39m     "appium:app": "/Users/juancarlos/webdriverio-appium/app/android/ApiDemos-debug.apk"
[debug] [35m[AndroidUiautomator2Driver@e065][39m   },
[debug] [35m[AndroidUiautomator2Driver@e065][39m   "firstMatch": [
[debug] [35m[AndroidUiautomator2Driver@e065][39m     {}
[debug] [35m[AndroidUiautomator2Driver@e065][39m   ]
[debug] [35m[AndroidUiautomator2Driver@e065][39m }
[35m[AndroidUiautomator2Driver@e065 (f6ca7727)][39m Session created with session id: f6ca7727-61da-4d44-b998-b464e201e1f6
[35m[BaseDriver][39m Using local app '/Users/juancarlos/webdriverio-appium/app/android/ApiDemos-debug.apk'
[debug] [35m[AndroidUiautomator2Driver@e065 (f6ca7727)][39m Checking whether app is actually present
[35m[ADB][39m Found 1 'build-tools' folders under '/Users/juancarlos/Library/Android/sdk' (newest first):
[35m[ADB][39m     /Users/juancarlos/Library/Android/sdk/build-tools/33.0.0
[35m[ADB][39m Using 'adb' from '/Users/juancarlos/Library/Android/sdk/platform-tools/adb'
[debug] [35m[ADB][39m Running '/Users/juancarlos/Library/Android/sdk/platform-tools/adb -P 5037 start-server'
[35m[AndroidDriver][39m Retrieving device list
[debug] [35m[ADB][39m Trying to find a connected android device
[debug] [35m[ADB][39m Getting connected devices
[debug] [35m[ADB][39m Connected devices: [{"udid":"emulator-5554","state":"device"},{"udid":"emulator-5556","state":"device"}]
[35m[AndroidDriver][39m Looking for a device with Android '11.0.0'
[debug] [35m[ADB][39m Setting device id to emulator-5554
[35m[ADB][39m Getting device platform version
[debug] [35m[ADB][39m Running '/Users/juancarlos/Library/Android/sdk/platform-tools/adb -P 5037 -s emulator-5554 shell getprop ro.build.version.release'
[debug] [35m[ADB][39m Current device property 'ro.build.version.release': 10
[debug] [35m[ADB][39m Setting device id to emulator-5556
[35m[ADB][39m Getting device platform version
[debug] [35m[ADB][39m Running '/Users/juancarlos/Library/Android/sdk/platform-tools/adb -P 5037 -s emulator-5556 shell getprop ro.build.version.release'
[debug] [35m[ADB][39m Current device property 'ro.build.version.release': 11
[35m[AndroidDriver][39m Using device: emulator-5556
[35m[ADB][39m Using 'adb' from '/Users/juancarlos/Library/Android/sdk/platform-tools/adb'
[debug] [35m[ADB][39m Running '/Users/juancarlos/Library/Android/sdk/platform-tools/adb -P 5037 start-server'
[debug] [35m[ADB][39m Setting device id to emulator-5556
[debug] [35m[ADB][39m Running '/Users/juancarlos/Library/Android/sdk/platform-tools/adb -P 5037 -s emulator-5556 shell getprop ro.build.version.sdk'
[debug] [35m[ADB][39m Current device property 'ro.build.version.sdk': 30
[35m[ADB][39m Getting device platform version
[debug] [35m[ADB][39m Running '/Users/juancarlos/Library/Android/sdk/platform-tools/adb -P 5037 -s emulator-5556 shell getprop ro.build.version.release'
[debug] [35m[ADB][39m Current device property 'ro.build.version.release': 11
[debug] [35m[ADB][39m Device API level: 30
[35m[AndroidUiautomator2Driver@e065 (f6ca7727)][39m Relaxing hidden api policy
[debug] [35m[ADB][39m Running '/Users/juancarlos/Library/Android/sdk/platform-tools/adb -P 5037 -s emulator-5556 shell 'settings put global hidden_api_policy_pre_p_apps 1;settings put global hidden_api_policy_p_apps 1;settings put global hidden_api_policy 1''
[debug] [35m[AndroidDriver][39m Parsing package and activity from app manifest
[35m[ADB][39m Package name: 'io.appium.android.apis'
[35m[ADB][39m Main activity name: 'io.appium.android.apis.ApiDemos'
[debug] [35m[AndroidDriver][39m Parsed package and activity are: io.appium.android.apis/io.appium.android.apis.ApiDemos
[debug] [35m[ADB][39m Running '/Users/juancarlos/Library/Android/sdk/platform-tools/adb -P 5037 -s emulator-5556 wait-for-device'
[debug] [35m[ADB][39m Running '/Users/juancarlos/Library/Android/sdk/platform-tools/adb -P 5037 -s emulator-5556 shell echo ping'
[debug] [35m[AndroidDriver][39m Pushing settings apk to device...
[debug] [35m[ADB][39m Getting install status for io.appium.settings
[debug] [35m[ADB][39m Running '/Users/juancarlos/Library/Android/sdk/platform-tools/adb -P 5037 -s emulator-5556 shell dumpsys package io.appium.settings'
[debug] [35m[ADB][39m 'io.appium.settings' is installed
[debug] [35m[ADB][39m Getting package info for 'io.appium.settings'
[debug] [35m[ADB][39m Running '/Users/juancarlos/Library/Android/sdk/platform-tools/adb -P 5037 -s emulator-5556 shell dumpsys package io.appium.settings'
[debug] [35m[ADB][39m The version name of the installed 'io.appium.settings' is greater or equal to the application version name ('4.2.1' >= '4.2.1')
[debug] [35m[ADB][39m There is no need to install/upgrade '/Users/juancarlos/webdriverio-appium/node_modules/appium-uiautomator2-driver/node_modules/io.appium.settings/apks/settings_apk-debug.apk'
[debug] [35m[ADB][39m Getting IDs of all 'io.appium.settings' processes
[debug] [35m[ADB][39m Running '/Users/juancarlos/Library/Android/sdk/platform-tools/adb -P 5037 -s emulator-5556 shell 'pgrep --help; echo $?''
[debug] [35m[ADB][39m Running '/Users/juancarlos/Library/Android/sdk/platform-tools/adb -P 5037 -s emulator-5556 shell pgrep -f \(\[\[:blank:\]\]\|\^\)io\.appium\.settings\(\[\[:blank:\]\]\|\$\)'
[debug] [35m[AndroidDriver][39m io.appium.settings is already running. There is no need to reset its permissions.
[debug] [35m[Logcat][39m Starting logs capture with command: /Users/juancarlos/Library/Android/sdk/platform-tools/adb -P 5037 -s emulator-5556 logcat -v threadtime
[debug] [35m[AndroidUiautomator2Driver@e065 (f6ca7727)][39m Forwarding UiAutomator2 Server port 6790 to local port 8201
[debug] [35m[ADB][39m Forwarding system: 8201 to device: 6790
[debug] [35m[ADB][39m Running '/Users/juancarlos/Library/Android/sdk/platform-tools/adb -P 5037 -s emulator-5556 forward tcp:8201 tcp:6790'
[debug] [35m[ADB][39m Getting install status for io.appium.uiautomator2.server
[debug] [35m[ADB][39m Running '/Users/juancarlos/Library/Android/sdk/platform-tools/adb -P 5037 -s emulator-5556 shell dumpsys package io.appium.uiautomator2.server'
[debug] [35m[ADB][39m 'io.appium.uiautomator2.server' is installed
[debug] [35m[ADB][39m Getting package info for 'io.appium.uiautomator2.server'
[debug] [35m[ADB][39m Running '/Users/juancarlos/Library/Android/sdk/platform-tools/adb -P 5037 -s emulator-5556 shell dumpsys package io.appium.uiautomator2.server'
[debug] [35m[ADB][39m The version name of the installed 'io.appium.uiautomator2.server' is greater or equal to the application version name ('5.7.0' >= '5.7.0')
[debug] [35m[AndroidUiautomator2Driver@e065 (f6ca7727)][39m io.appium.uiautomator2.server installation state: sameVersionInstalled
[debug] [35m[ADB][39m Checking app cert for /Users/juancarlos/webdriverio-appium/node_modules/appium-uiautomator2-driver/node_modules/appium-uiautomator2-server/apks/appium-uiautomator2-server-v5.7.0.apk
[35m[ADB][39m Using 'apksigner.jar' from '/Users/juancarlos/Library/Android/sdk/build-tools/33.0.0/lib/apksigner.jar'
[debug] [35m[ADB][39m Starting apksigner: /usr/bin/java -Xmx1024M -Xss1m -jar /Users/juancarlos/Library/Android/sdk/build-tools/33.0.0/lib/apksigner.jar verify --print-certs /Users/juancarlos/webdriverio-appium/node_modules/appium-uiautomator2-driver/node_modules/appium-uiautomator2-server/apks/appium-uiautomator2-server-v5.7.0.apk
[debug] [35m[ADB][39m apksigner stdout: Signer #1 certificate DN: EMAILADDRESS=android@android.com, CN=Android, OU=Android, O=Android, L=Mountain View, ST=California, C=US
[debug] [35m[ADB][39m Signer #1 certificate SHA-256 digest: a40da80a59d170caa950cf15c18c454d47a39b26989d8b640ecd745ba71bf5dc
[debug] [35m[ADB][39m Signer #1 certificate SHA-1 digest: 61ed377e85d386a8dfee6b864bd85b0bfaa5af81
[debug] [35m[ADB][39m Signer #1 certificate MD5 digest: e89b158e4bcf988ebd09eb83f5378e87
[debug] [35m[ADB][39m 
[debug] [35m[ADB][39m sha256 hash did match for 'appium-uiautomator2-server-v5.7.0.apk'
[35m[ADB][39m '/Users/juancarlos/webdriverio-appium/node_modules/appium-uiautomator2-driver/node_modules/appium-uiautomator2-server/apks/appium-uiautomator2-server-v5.7.0.apk' is signed with the default certificate
[debug] [35m[ADB][39m Getting install status for io.appium.uiautomator2.server.test
[debug] [35m[ADB][39m Running '/Users/juancarlos/Library/Android/sdk/platform-tools/adb -P 5037 -s emulator-5556 shell dumpsys package io.appium.uiautomator2.server.test'
[debug] [35m[ADB][39m 'io.appium.uiautomator2.server.test' is installed
[debug] [35m[ADB][39m Checking app cert for /Users/juancarlos/webdriverio-appium/node_modules/appium-uiautomator2-driver/node_modules/appium-uiautomator2-server/apks/appium-uiautomator2-server-debug-androidTest.apk
[debug] [35m[ADB][39m Starting apksigner: /usr/bin/java -Xmx1024M -Xss1m -jar /Users/juancarlos/Library/Android/sdk/build-tools/33.0.0/lib/apksigner.jar verify --print-certs /Users/juancarlos/webdriverio-appium/node_modules/appium-uiautomator2-driver/node_modules/appium-uiautomator2-server/apks/appium-uiautomator2-server-debug-androidTest.apk
[debug] [35m[ADB][39m apksigner stdout: Signer #1 certificate DN: EMAILADDRESS=android@android.com, CN=Android, OU=Android, O=Android, L=Mountain View, ST=California, C=US
[debug] [35m[ADB][39m Signer #1 certificate SHA-256 digest: a40da80a59d170caa950cf15c18c454d47a39b26989d8b640ecd745ba71bf5dc
[debug] [35m[ADB][39m Signer #1 certificate SHA-1 digest: 61ed377e85d386a8dfee6b864bd85b0bfaa5af81
[debug] [35m[ADB][39m Signer #1 certificate MD5 digest: e89b158e4bcf988ebd09eb83f5378e87
[debug] [35m[ADB][39m 
[debug] [35m[ADB][39m sha256 hash did match for 'appium-uiautomator2-server-debug-androidTest.apk'
[35m[ADB][39m '/Users/juancarlos/webdriverio-appium/node_modules/appium-uiautomator2-driver/node_modules/appium-uiautomator2-server/apks/appium-uiautomator2-server-debug-androidTest.apk' is signed with the default certificate
[35m[AndroidUiautomator2Driver@e065 (f6ca7727)][39m Server packages are not going to be (re)installed
[debug] [35m[AndroidUiautomator2Driver@e065 (f6ca7727)][39m Waiting up to 30000ms for services to be available
[debug] [35m[ADB][39m Running '/Users/juancarlos/Library/Android/sdk/platform-tools/adb -P 5037 -s emulator-5556 shell pm list instrumentation'
[debug] [35m[AndroidUiautomator2Driver@e065 (f6ca7727)][39m Instrumentation target 'io.appium.uiautomator2.server.test/androidx.test.runner.AndroidJUnitRunner' is available
[35m[ADB][39m Adding packages ["io.appium.settings","io.appium.uiautomator2.server","io.appium.uiautomator2.server.test"] to Doze whitelist
[debug] [35m[ADB][39m Got the following command chunks to execute: [["dumpsys","deviceidle","whitelist","+io.appium.settings",";","dumpsys","deviceidle","whitelist","+io.appium.uiautomator2.server",";","dumpsys","deviceidle","whitelist","+io.appium.uiautomator2.server.test",";"]]
[debug] [35m[ADB][39m Running '/Users/juancarlos/Library/Android/sdk/platform-tools/adb -P 5037 -s emulator-5556 shell dumpsys deviceidle whitelist +io.appium.settings ; dumpsys deviceidle whitelist +io.appium.uiautomator2.server ; dumpsys deviceidle whitelist +io.appium.uiautomator2.server.test ;'
[debug] [35m[ADB][39m Checking app cert for /Users/juancarlos/webdriverio-appium/app/android/ApiDemos-debug.apk
[debug] [35m[ADB][39m Starting apksigner: /usr/bin/java -Xmx1024M -Xss1m -jar /Users/juancarlos/Library/Android/sdk/build-tools/33.0.0/lib/apksigner.jar verify --print-certs /Users/juancarlos/webdriverio-appium/app/android/ApiDemos-debug.apk
[debug] [35m[ADB][39m apksigner stdout: Signer #1 certificate DN: EMAILADDRESS=android@android.com, CN=Android, OU=Android, O=Android, L=Mountain View, ST=California, C=US
[debug] [35m[ADB][39m Signer #1 certificate SHA-256 digest: a40da80a59d170caa950cf15c18c454d47a39b26989d8b640ecd745ba71bf5dc
[debug] [35m[ADB][39m Signer #1 certificate SHA-1 digest: 61ed377e85d386a8dfee6b864bd85b0bfaa5af81
[debug] [35m[ADB][39m Signer #1 certificate MD5 digest: e89b158e4bcf988ebd09eb83f5378e87
[debug] [35m[ADB][39m 
[debug] [35m[ADB][39m sha256 hash did match for 'ApiDemos-debug.apk'
[35m[ADB][39m '/Users/juancarlos/webdriverio-appium/app/android/ApiDemos-debug.apk' is signed with the default certificate
[debug] [35m[ADB][39m Getting install status for io.appium.android.apis
[debug] [35m[ADB][39m Running '/Users/juancarlos/Library/Android/sdk/platform-tools/adb -P 5037 -s emulator-5556 shell dumpsys package io.appium.android.apis'
[debug] [35m[ADB][39m 'io.appium.android.apis' is installed
[debug] [35m[ADB][39m Getting package info for 'io.appium.android.apis'
[debug] [35m[ADB][39m Running '/Users/juancarlos/Library/Android/sdk/platform-tools/adb -P 5037 -s emulator-5556 shell dumpsys package io.appium.android.apis'
[debug] [35m[ADB][39m The version name of the installed 'io.appium.android.apis' is greater or equal to the application version name ('3.1.0' >= '3.1.0')
[debug] [35m[ADB][39m There is no need to install/upgrade '/Users/juancarlos/webdriverio-appium/app/android/ApiDemos-debug.apk'
[35m[AndroidDriver][39m Performing fast reset on 'io.appium.android.apis'
[debug] [35m[ADB][39m Getting install status for io.appium.android.apis
[debug] [35m[ADB][39m Running '/Users/juancarlos/Library/Android/sdk/platform-tools/adb -P 5037 -s emulator-5556 shell dumpsys package io.appium.android.apis'
[debug] [35m[ADB][39m 'io.appium.android.apis' is installed
[debug] [35m[ADB][39m Running '/Users/juancarlos/Library/Android/sdk/platform-tools/adb -P 5037 -s emulator-5556 shell am force-stop io.appium.android.apis'
[debug] [35m[ADB][39m Running '/Users/juancarlos/Library/Android/sdk/platform-tools/adb -P 5037 -s emulator-5556 shell pm clear io.appium.android.apis'
[debug] [35m[AndroidDriver][39m Performed fast reset on the installed 'io.appium.android.apis' application (stop and clear)
[debug] [35m[AndroidUiautomator2Driver@e065 (f6ca7727)][39m Performing shallow cleanup of automation leftovers
[debug] [35m[AndroidUiautomator2Driver@e065 (f6ca7727)][39m No obsolete sessions have been detected (socket hang up)
[debug] [35m[ADB][39m Running '/Users/juancarlos/Library/Android/sdk/platform-tools/adb -P 5037 -s emulator-5556 shell am force-stop io.appium.uiautomator2.server.test'
[35m[AndroidUiautomator2Driver@e065 (f6ca7727)][39m Starting UIAutomator2 server 5.7.0
[35m[AndroidUiautomator2Driver@e065 (f6ca7727)][39m Using UIAutomator2 server from '/Users/juancarlos/webdriverio-appium/node_modules/appium-uiautomator2-driver/node_modules/appium-uiautomator2-server/apks/appium-uiautomator2-server-v5.7.0.apk' and test from '/Users/juancarlos/webdriverio-appium/node_modules/appium-uiautomator2-driver/node_modules/appium-uiautomator2-server/apks/appium-uiautomator2-server-debug-androidTest.apk'
[35m[AndroidUiautomator2Driver@e065 (f6ca7727)][39m Waiting up to 30000ms for UiAutomator2 to be online...
[debug] [35m[ADB][39m Creating ADB subprocess with args: ["-P",5037,"-s","emulator-5556","shell","am","instrument","-w","-e","disableAnalytics",true,"io.appium.uiautomator2.server.test/androidx.test.runner.AndroidJUnitRunner"]
[debug] [35m[AndroidUiautomator2Driver@e065 (f6ca7727)][39m Matched '/status' to command name 'getStatus'
[debug] [35m[AndroidUiautomator2Driver@e065 (f6ca7727)][39m Proxying [GET /status] to [GET http://127.0.0.1:8201/status] with no body
[35m[AndroidUiautomator2Driver@e065 (f6ca7727)][39m socket hang up
[debug] [35m[Instrumentation][39m io.appium.uiautomator2.server.test.AppiumUiAutomator2Server:
[debug] [35m[AndroidUiautomator2Driver@e065 (f6ca7727)][39m Matched '/status' to command name 'getStatus'
[debug] [35m[AndroidUiautomator2Driver@e065 (f6ca7727)][39m Proxying [GET /status] to [GET http://127.0.0.1:8201/status] with no body
[35m[AndroidUiautomator2Driver@e065 (f6ca7727)][39m socket hang up
[debug] [35m[AndroidUiautomator2Driver@e065 (f6ca7727)][39m Matched '/status' to command name 'getStatus'
[debug] [35m[AndroidUiautomator2Driver@e065 (f6ca7727)][39m Proxying [GET /status] to [GET http://127.0.0.1:8201/status] with no body
[debug] [35m[AndroidUiautomator2Driver@e065 (f6ca7727)][39m Got response with status 200: {"sessionId":"None","value":{"message":"UiAutomator2 Server is ready to accept commands","ready":true}}
[debug] [35m[AndroidUiautomator2Driver@e065 (f6ca7727)][39m The initialization of the instrumentation process took 2101ms
[debug] [35m[AndroidUiautomator2Driver@e065 (f6ca7727)][39m Matched '/session' to command name 'createSession'
[debug] [35m[AndroidUiautomator2Driver@e065 (f6ca7727)][39m Proxying [POST /session] to [POST http://127.0.0.1:8201/session] with body: {"capabilities":{"firstMatch":[{"platform":"LINUX","webStorageEnabled":false,"takesScreenshot":true,"javascriptEnabled":true,"databaseEnabled":false,"networkConnectionEnabled":true,"locationContextEnabled":false,"warnings":{},"desired":{"platformName":"Android","platformVersion":"11","deviceName":"Pixel 3","automationName":"UIAutomator2","app":"/Users/juancarlos/webdriverio-appium/app/android/ApiDemos-debug.apk"},"platformName":"Android","platformVersion":"11","deviceName":"emulator-5556","automationName":"UIAutomator2","app":"/Users/juancarlos/webdriverio-appium/app/android/ApiDemos-debug.apk","deviceUDID":"emulator-5556","appPackage":"io.appium.android.apis"}],"alwaysMatch":{}}}
[debug] [35m[AndroidUiautomator2Driver@e065 (f6ca7727)][39m Got response with status 200: {"sessionId":"42540643-c038-4eca-a2c1-7486f419a535","value":{"capabilities":{"firstMatch":[{"platform":"LINUX","webStorageEnabled":false,"takesScreenshot":true,"javascriptEnabled":true,"databaseEnabled":false,"networkConnectionEnabled":true,"locationContextEnabled":false,"warnings":{},"desired":{"platformName":"Android","platformVersion":"11","deviceName":"Pixel 3","automationName":"UIAutomator2","app":"/Users/juancarlos/webdriverio-appium/app/android/ApiDemos-debug.apk"},"platformName":"Android","platformVersion":"11","deviceName":"emulator-5556","automationName":"UIAutomator2","app":"/Users/juancarlos/webdriverio-appium/app/android/ApiDemos-debug.apk","deviceUDID":"emulator-5556","appPackage":"io.appium.android.apis"}],"alwaysMatch":{}},"sessionId":"42540643-c038-4eca-a2c1-7486f419a535"}}
[35m[AndroidUiautomator2Driver@e065 (f6ca7727)][39m Determined the downstream protocol as 'W3C'
[debug] [35m[AndroidUiautomator2Driver@e065 (f6ca7727)][39m Proxying [GET /appium/device/info] to [GET http://127.0.0.1:8201/session/42540643-c038-4eca-a2c1-7486f419a535/appium/device/info] with no body
[debug] [35m[AndroidUiautomator2Driver@e065 (f6ca7727)][39m Got response with status 200: {"sessionId":"42540643-c038-4eca-a2c1-7486f419a535","value":{"androidId":"0dfc60a23bbb79db","apiVersion":"30","bluetooth":{"state":"ON"},"brand":"google","carrierName":"Android","displayDensity":440,"locale":"en_US","manufacturer":"Google","model":"sdk_gphone_arm64","networks":[{"capabilities":{"SSID":null,"linkDownBandwidthKbps":18562,"linkUpstreamBandwidthKbps":70537,"networkCapabilities":"NET_CAPABILITY_NOT_METERED,NET_CAPABILITY_INTERNET,NET_CAPABILITY_NOT_RESTRICTED,NET_CAPABILITY_TRUSTED,NET_CAPABILITY_NOT_VPN,NET_CAPABILITY_VALIDATED,NET_CAPABILITY_NOT_ROAMING,NET_CAPABILITY_FOREGROUND,NET_CAPABILITY_NOT_CONGESTED,NET_CAPABILITY_NOT_SUSPENDED","signalStrength":-30,"transportTypes":"TRANSPORT_WIFI"},"detailedState":"CONNECTED","extraInfo":"","isAvailable":true,"isConnected":true,"isFailover":false,"isRoaming":false,"state":"CONNECTED","subtype":0,"subtypeName":"","type":1,"typeName":"WIFI"},{"capabilities":{"SSID":null,"linkDownBandwidthKbps":30000,"linkUpstreamBandwidthKbps":15000,"networkCapabiliti...
[debug] [35m[ADB][39m Running '/Users/juancarlos/Library/Android/sdk/platform-tools/adb -P 5037 -s emulator-5556 shell dumpsys window'
[35m[AndroidDriver][39m Screen already unlocked, doing nothing
[35m[AndroidUiautomator2Driver@e065 (f6ca7727)][39m Starting 'io.appium.android.apis/io.appium.android.apis.ApiDemos and waiting for 'io.appium.android.apis/io.appium.android.apis.ApiDemos'
[debug] [35m[ADB][39m Running '/Users/juancarlos/Library/Android/sdk/platform-tools/adb -P 5037 -s emulator-5556 shell am start -W -n io.appium.android.apis/io.appium.android.apis.ApiDemos -S -a android.intent.action.MAIN -c android.intent.category.LAUNCHER -f 0x10200000'
[debug] [35m[ADB][39m Waiting up to 20000ms for activity matching pkg: 'io.appium.android.apis' and activity: 'io.appium.android.apis.ApiDemos' to be focused
[debug] [35m[ADB][39m Possible activities, to be checked: 'io.appium.android.apis.ApiDemos', 'io.appium.android.apis.io.appium.android.apis.ApiDemos'
[debug] [35m[ADB][39m Getting focused package and activity
[debug] [35m[ADB][39m Running '/Users/juancarlos/Library/Android/sdk/platform-tools/adb -P 5037 -s emulator-5556 shell dumpsys window displays'
[debug] [35m[ADB][39m Found package: 'io.appium.android.apis' and fully qualified activity name : 'io.appium.android.apis.ApiDemos'
[debug] [35m[AndroidUiautomator2Driver@e065 (f6ca7727)][39m Proxying [GET /appium/device/pixel_ratio] to [GET http://127.0.0.1:8201/session/42540643-c038-4eca-a2c1-7486f419a535/appium/device/pixel_ratio] with no body
[debug] [35m[AndroidUiautomator2Driver@e065 (f6ca7727)][39m Got response with status 200: {"sessionId":"42540643-c038-4eca-a2c1-7486f419a535","value":2.75}
[debug] [35m[AndroidUiautomator2Driver@e065 (f6ca7727)][39m Matched '/appium/device/system_bars' to command name 'getSystemBars'
[debug] [35m[AndroidUiautomator2Driver@e065 (f6ca7727)][39m Proxying [GET /appium/device/system_bars] to [GET http://127.0.0.1:8201/session/42540643-c038-4eca-a2c1-7486f419a535/appium/device/system_bars] with no body
[debug] [35m[AndroidUiautomator2Driver@e065 (f6ca7727)][39m Got response with status 200: {"sessionId":"42540643-c038-4eca-a2c1-7486f419a535","value":{"statusBar":66}}
[debug] [35m[AndroidUiautomator2Driver@e065 (f6ca7727)][39m Matched '/window/current/size' to command name 'getWindowSize'
[debug] [35m[AndroidUiautomator2Driver@e065 (f6ca7727)][39m Proxying [GET /window/current/size] to [GET http://127.0.0.1:8201/session/42540643-c038-4eca-a2c1-7486f419a535/window/current/size] with no body
[debug] [35m[AndroidUiautomator2Driver@e065 (f6ca7727)][39m Got response with status 200: {"sessionId":"42540643-c038-4eca-a2c1-7486f419a535","value":{"height":2028,"width":1080}}
[35m[AppiumDriver@e5af][39m New AndroidUiautomator2Driver session created successfully, session f6ca7727-61da-4d44-b998-b464e201e1f6 added to master session list
[debug] [35m[AppiumDriver@e5af][39m Event 'newSessionStarted' logged at 1666957454772 (13:44:14 GMT+0200 (Central European Summer Time))
[debug] [35m[AndroidUiautomator2Driver@e065 (f6ca7727)][39m Cached the protocol value 'W3C' for the new session f6ca7727-61da-4d44-b998-b464e201e1f6
[debug] [35m[AndroidUiautomator2Driver@e065 (f6ca7727)][39m Responding to client with driver.createSession() result: {"capabilities":{"platform":"LINUX","webStorageEnabled":false,"takesScreenshot":true,"javascriptEnabled":true,"databaseEnabled":false,"networkConnectionEnabled":true,"locationContextEnabled":false,"warnings":{},"desired":{"platformName":"Android","platformVersion":"11","deviceName":"Pixel 3","automationName":"UIAutomator2","app":"/Users/juancarlos/webdriverio-appium/app/android/ApiDemos-debug.apk"},"platformName":"Android","platformVersion":"11","deviceName":"emulator-5556","automationName":"UIAutomator2","app":"/Users/juancarlos/webdriverio-appium/app/android/ApiDemos-debug.apk","deviceUDID":"emulator-5556","appPackage":"io.appium.android.apis","deviceApiLevel":30,"deviceScreenSize":"1080x2160","deviceScreenDensity":440,"deviceModel":"sdk_gphone_arm64","deviceManufacturer":"Google","pixelRatio":2.75,"statBarHeight":66,"viewportRect":{"left":0,"top":66,"width":1080,"height":1962}}}
[35m[HTTP][39m [37m<-- POST /session [39m[32m200[39m [90m6265 ms - 955[39m
[35m[HTTP][39m [90m[39m
[35m[HTTP][39m [37m-->[39m [37mPOST[39m [37m/session/f6ca7727-61da-4d44-b998-b464e201e1f6/appium/device/start_activity[39m
[35m[HTTP][39m [90m{"appPackage":"io.appium.android.apis","appActivity":"io.appium.android.apis.view.DateWidgets1"}[39m
[debug] [35m[AndroidUiautomator2Driver@e065 (f6ca7727)][39m Calling AppiumDriver.startActivity() with args: ["io.appium.android.apis","io.appium.android.apis.view.DateWidgets1",null,null,null,null,null,null,null,null,null,"f6ca7727-61da-4d44-b998-b464e201e1f6"]
[debug] [35m[AndroidUiautomator2Driver@e065 (f6ca7727)][39m Starting package 'io.appium.android.apis' and activity 'io.appium.android.apis.view.DateWidgets1'
[debug] [35m[ADB][39m Running '/Users/juancarlos/Library/Android/sdk/platform-tools/adb -P 5037 -s emulator-5556 shell am start -W -n io.appium.android.apis/io.appium.android.apis.view.DateWidgets1 -S'
[debug] [35m[ADB][39m Waiting up to 20000ms for activity matching pkg: 'io.appium.android.apis' and activity: 'io.appium.android.apis.view.DateWidgets1' to be focused
[debug] [35m[ADB][39m Possible activities, to be checked: 'io.appium.android.apis.view.DateWidgets1', 'io.appium.android.apis.io.appium.android.apis.view.DateWidgets1'
[debug] [35m[ADB][39m Getting focused package and activity
[debug] [35m[ADB][39m Running '/Users/juancarlos/Library/Android/sdk/platform-tools/adb -P 5037 -s emulator-5556 shell dumpsys window displays'
[debug] [35m[ADB][39m Found package: 'io.appium.android.apis' and fully qualified activity name : 'io.appium.android.apis.view.DateWidgets1'
[debug] [35m[AndroidUiautomator2Driver@e065 (f6ca7727)][39m Responding to client with driver.startActivity() result: null
[35m[HTTP][39m [37m<-- POST /session/f6ca7727-61da-4d44-b998-b464e201e1f6/appium/device/start_activity [39m[32m200[39m [90m603 ms - 14[39m
[35m[HTTP][39m [90m[39m
[35m[HTTP][39m [37m-->[39m [37mPOST[39m [37m/session/f6ca7727-61da-4d44-b998-b464e201e1f6/element[39m
[35m[HTTP][39m [90m{"using":"xpath","value":"//android.widget.TextView[@resource-id=\"io.appium.android.apis:id/dateDisplay\"]"}[39m
[debug] [35m[AndroidUiautomator2Driver@e065 (f6ca7727)][39m Calling AppiumDriver.findElement() with args: ["xpath","//android.widget.TextView[@resource-id=\"io.appium.android.apis:id/dateDisplay\"]","f6ca7727-61da-4d44-b998-b464e201e1f6"]
[debug] [35m[AndroidUiautomator2Driver@e065 (f6ca7727)][39m Valid locator strategies for this request: xpath, id, class name, accessibility id, css selector, -android uiautomator
[debug] [35m[AndroidUiautomator2Driver@e065 (f6ca7727)][39m Waiting up to 0 ms for condition
[debug] [35m[AndroidUiautomator2Driver@e065 (f6ca7727)][39m Matched '/element' to command name 'findElement'
[debug] [35m[AndroidUiautomator2Driver@e065 (f6ca7727)][39m Proxying [POST /element] to [POST http://127.0.0.1:8201/session/42540643-c038-4eca-a2c1-7486f419a535/element] with body: {"strategy":"xpath","selector":"//android.widget.TextView[@resource-id=\"io.appium.android.apis:id/dateDisplay\"]","context":"","multiple":false}
[debug] [35m[AndroidUiautomator2Driver@e065 (f6ca7727)][39m Got response with status 200: {"sessionId":"42540643-c038-4eca-a2c1-7486f419a535","value":{"ELEMENT":"00000000-0000-01b1-ffff-ffff00000004","element-6066-11e4-a52e-4f735466cecf":"00000000-0000-01b1-ffff-ffff00000004"}}
[debug] [35m[AndroidUiautomator2Driver@e065 (f6ca7727)][39m Responding to client with driver.findElement() result: {"element-6066-11e4-a52e-4f735466cecf":"00000000-0000-01b1-ffff-ffff00000004","ELEMENT":"00000000-0000-01b1-ffff-ffff00000004"}
[35m[HTTP][39m [37m<-- POST /session/f6ca7727-61da-4d44-b998-b464e201e1f6/element [39m[32m200[39m [90m663 ms - 137[39m
[35m[HTTP][39m [90m[39m
[35m[HTTP][39m [37m-->[39m [37mPOST[39m [37m/session/f6ca7727-61da-4d44-b998-b464e201e1f6/element[39m
[35m[HTTP][39m [90m{"using":"accessibility id","value":"change the date"}[39m
[debug] [35m[AndroidUiautomator2Driver@e065 (f6ca7727)][39m Calling AppiumDriver.findElement() with args: ["accessibility id","change the date","f6ca7727-61da-4d44-b998-b464e201e1f6"]
[debug] [35m[AndroidUiautomator2Driver@e065 (f6ca7727)][39m Valid locator strategies for this request: xpath, id, class name, accessibility id, css selector, -android uiautomator
[debug] [35m[AndroidUiautomator2Driver@e065 (f6ca7727)][39m Waiting up to 0 ms for condition
[debug] [35m[AndroidUiautomator2Driver@e065 (f6ca7727)][39m Matched '/element' to command name 'findElement'
[debug] [35m[AndroidUiautomator2Driver@e065 (f6ca7727)][39m Proxying [POST /element] to [POST http://127.0.0.1:8201/session/42540643-c038-4eca-a2c1-7486f419a535/element] with body: {"strategy":"accessibility id","selector":"change the date","context":"","multiple":false}
[35m[HTTP][39m [37m-->[39m [37mGET[39m [37m/session/f6ca7727-61da-4d44-b998-b464e201e1f6/element/00000000-0000-01b1-ffff-ffff00000004/text[39m
[35m[HTTP][39m [90m{}[39m
[35m[AndroidUiautomator2Driver@e065 (f6ca7727)][39m Driver proxy active, passing request on via HTTP proxy
[debug] [35m[AndroidUiautomator2Driver@e065 (f6ca7727)][39m Got response with status 200: {"sessionId":"42540643-c038-4eca-a2c1-7486f419a535","value":{"ELEMENT":"00000000-0000-01b1-ffff-ffff00000005","element-6066-11e4-a52e-4f735466cecf":"00000000-0000-01b1-ffff-ffff00000005"}}
[debug] [35m[AndroidUiautomator2Driver@e065 (f6ca7727)][39m Matched '/session/f6ca7727-61da-4d44-b998-b464e201e1f6/element/00000000-0000-01b1-ffff-ffff00000004/text' to command name 'getText'
[debug] [35m[AndroidUiautomator2Driver@e065 (f6ca7727)][39m Proxying [GET /session/f6ca7727-61da-4d44-b998-b464e201e1f6/element/00000000-0000-01b1-ffff-ffff00000004/text] to [GET http://127.0.0.1:8201/session/42540643-c038-4eca-a2c1-7486f419a535/element/00000000-0000-01b1-ffff-ffff00000004/text] with no body
[debug] [35m[AndroidUiautomator2Driver@e065 (f6ca7727)][39m Responding to client with driver.findElement() result: {"element-6066-11e4-a52e-4f735466cecf":"00000000-0000-01b1-ffff-ffff00000005","ELEMENT":"00000000-0000-01b1-ffff-ffff00000005"}
[35m[HTTP][39m [37m<-- POST /session/f6ca7727-61da-4d44-b998-b464e201e1f6/element [39m[32m200[39m [90m44 ms - 137[39m
[35m[HTTP][39m [90m[39m
[debug] [35m[AndroidUiautomator2Driver@e065 (f6ca7727)][39m Got response with status 200: {"sessionId":"42540643-c038-4eca-a2c1-7486f419a535","value":"10-28-2022 01:02"}
[35m[AndroidUiautomator2Driver@e065 (f6ca7727)][39m Replacing sessionId 42540643-c038-4eca-a2c1-7486f419a535 with f6ca7727-61da-4d44-b998-b464e201e1f6
[35m[HTTP][39m [37m<-- GET /session/f6ca7727-61da-4d44-b998-b464e201e1f6/element/00000000-0000-01b1-ffff-ffff00000004/text [39m[32m200[39m [90m21 ms - 79[39m
[35m[HTTP][39m [90m[39m
[35m[HTTP][39m [37m-->[39m [37mPOST[39m [37m/session/f6ca7727-61da-4d44-b998-b464e201e1f6/element/00000000-0000-01b1-ffff-ffff00000005/click[39m
[35m[HTTP][39m [90m{}[39m
[debug] [35m[AndroidUiautomator2Driver@e065 (f6ca7727)][39m Calling AppiumDriver.click() with args: ["00000000-0000-01b1-ffff-ffff00000005","f6ca7727-61da-4d44-b998-b464e201e1f6"]
[debug] [35m[AndroidUiautomator2Driver@e065 (f6ca7727)][39m Matched '/element/00000000-0000-01b1-ffff-ffff00000005/click' to command name 'click'
[debug] [35m[AndroidUiautomator2Driver@e065 (f6ca7727)][39m Proxying [POST /element/00000000-0000-01b1-ffff-ffff00000005/click] to [POST http://127.0.0.1:8201/session/42540643-c038-4eca-a2c1-7486f419a535/element/00000000-0000-01b1-ffff-ffff00000005/click] with body: {"element":"00000000-0000-01b1-ffff-ffff00000005"}
[debug] [35m[AndroidUiautomator2Driver@e065 (f6ca7727)][39m Got response with status 200: {"sessionId":"42540643-c038-4eca-a2c1-7486f419a535","value":null}
[debug] [35m[AndroidUiautomator2Driver@e065 (f6ca7727)][39m Responding to client with driver.click() result: null
[35m[HTTP][39m [37m<-- POST /session/f6ca7727-61da-4d44-b998-b464e201e1f6/element/00000000-0000-01b1-ffff-ffff00000005/click [39m[32m200[39m [90m36 ms - 14[39m
[35m[HTTP][39m [90m[39m
[35m[HTTP][39m [37m-->[39m [37mPOST[39m [37m/session/f6ca7727-61da-4d44-b998-b464e201e1f6/element[39m
[35m[HTTP][39m [90m{"using":"-android uiautomator","value":"new UiScrollable(new UiSelector().scrollable(true)).setAsHorizontalList().scrollForward()"}[39m
[debug] [35m[AndroidUiautomator2Driver@e065 (f6ca7727)][39m Calling AppiumDriver.findElement() with args: ["-android uiautomator","new UiScrollable(new UiSelector().scrollable(true)).setAsHorizontalList().scrollForward()","f6ca7727-61da-4d44-b998-b464e201e1f6"]
[debug] [35m[AndroidUiautomator2Driver@e065 (f6ca7727)][39m Valid locator strategies for this request: xpath, id, class name, accessibility id, css selector, -android uiautomator
[debug] [35m[AndroidUiautomator2Driver@e065 (f6ca7727)][39m Waiting up to 0 ms for condition
[debug] [35m[AndroidUiautomator2Driver@e065 (f6ca7727)][39m Matched '/element' to command name 'findElement'
[debug] [35m[AndroidUiautomator2Driver@e065 (f6ca7727)][39m Proxying [POST /element] to [POST http://127.0.0.1:8201/session/42540643-c038-4eca-a2c1-7486f419a535/element] with body: {"strategy":"-android uiautomator","selector":"new UiScrollable(new UiSelector().scrollable(true)).setAsHorizontalList().scrollForward()","context":"","multiple":false}
[debug] [35m[AndroidUiautomator2Driver@e065 (f6ca7727)][39m Got response with status 200: {"sessionId":"42540643-c038-4eca-a2c1-7486f419a535","value":{"ELEMENT":"00000000-0000-01b2-ffff-ffff00000028","element-6066-11e4-a52e-4f735466cecf":"00000000-0000-01b2-ffff-ffff00000028"}}
[debug] [35m[AndroidUiautomator2Driver@e065 (f6ca7727)][39m Responding to client with driver.findElement() result: {"element-6066-11e4-a52e-4f735466cecf":"00000000-0000-01b2-ffff-ffff00000028","ELEMENT":"00000000-0000-01b2-ffff-ffff00000028"}
[35m[HTTP][39m [37m<-- POST /session/f6ca7727-61da-4d44-b998-b464e201e1f6/element [39m[32m200[39m [90m3328 ms - 137[39m
[35m[HTTP][39m [90m[39m
[35m[HTTP][39m [37m-->[39m [37mPOST[39m [37m/session/f6ca7727-61da-4d44-b998-b464e201e1f6/element[39m
[35m[HTTP][39m [90m{"using":"xpath","value":"//android.view.View[@index=\"9\"]"}[39m
[debug] [35m[AndroidUiautomator2Driver@e065 (f6ca7727)][39m Calling AppiumDriver.findElement() with args: ["xpath","//android.view.View[@index=\"9\"]","f6ca7727-61da-4d44-b998-b464e201e1f6"]
[debug] [35m[AndroidUiautomator2Driver@e065 (f6ca7727)][39m Valid locator strategies for this request: xpath, id, class name, accessibility id, css selector, -android uiautomator
[debug] [35m[AndroidUiautomator2Driver@e065 (f6ca7727)][39m Waiting up to 0 ms for condition
[debug] [35m[AndroidUiautomator2Driver@e065 (f6ca7727)][39m Matched '/element' to command name 'findElement'
[debug] [35m[AndroidUiautomator2Driver@e065 (f6ca7727)][39m Proxying [POST /element] to [POST http://127.0.0.1:8201/session/42540643-c038-4eca-a2c1-7486f419a535/element] with body: {"strategy":"xpath","selector":"//android.view.View[@index=\"9\"]","context":"","multiple":false}
[debug] [35m[AndroidUiautomator2Driver@e065 (f6ca7727)][39m Got response with status 200: {"sessionId":"42540643-c038-4eca-a2c1-7486f419a535","value":{"ELEMENT":"00000000-0000-01b2-0000-000a00000035","element-6066-11e4-a52e-4f735466cecf":"00000000-0000-01b2-0000-000a00000035"}}
[debug] [35m[AndroidUiautomator2Driver@e065 (f6ca7727)][39m Responding to client with driver.findElement() result: {"element-6066-11e4-a52e-4f735466cecf":"00000000-0000-01b2-0000-000a00000035","ELEMENT":"00000000-0000-01b2-0000-000a00000035"}
[35m[HTTP][39m [37m<-- POST /session/f6ca7727-61da-4d44-b998-b464e201e1f6/element [39m[32m200[39m [90m71 ms - 137[39m
[35m[HTTP][39m [90m[39m
[35m[HTTP][39m [37m-->[39m [37mPOST[39m [37m/session/f6ca7727-61da-4d44-b998-b464e201e1f6/element/00000000-0000-01b2-0000-000a00000035/click[39m
[35m[HTTP][39m [90m{}[39m
[debug] [35m[AndroidUiautomator2Driver@e065 (f6ca7727)][39m Calling AppiumDriver.click() with args: ["00000000-0000-01b2-0000-000a00000035","f6ca7727-61da-4d44-b998-b464e201e1f6"]
[debug] [35m[AndroidUiautomator2Driver@e065 (f6ca7727)][39m Matched '/element/00000000-0000-01b2-0000-000a00000035/click' to command name 'click'
[debug] [35m[AndroidUiautomator2Driver@e065 (f6ca7727)][39m Proxying [POST /element/00000000-0000-01b2-0000-000a00000035/click] to [POST http://127.0.0.1:8201/session/42540643-c038-4eca-a2c1-7486f419a535/element/00000000-0000-01b2-0000-000a00000035/click] with body: {"element":"00000000-0000-01b2-0000-000a00000035"}
[debug] [35m[AndroidUiautomator2Driver@e065 (f6ca7727)][39m Got response with status 200: {"sessionId":"42540643-c038-4eca-a2c1-7486f419a535","value":null}
[debug] [35m[AndroidUiautomator2Driver@e065 (f6ca7727)][39m Responding to client with driver.click() result: null
[35m[HTTP][39m [37m<-- POST /session/f6ca7727-61da-4d44-b998-b464e201e1f6/element/00000000-0000-01b2-0000-000a00000035/click [39m[32m200[39m [90m638 ms - 14[39m
[35m[HTTP][39m [90m[39m
[35m[HTTP][39m [37m-->[39m [37mPOST[39m [37m/session/f6ca7727-61da-4d44-b998-b464e201e1f6/element[39m
[35m[HTTP][39m [90m{"using":"xpath","value":"//android.widget.Button[@resource-id=\"android:id/button1\"]"}[39m
[debug] [35m[AndroidUiautomator2Driver@e065 (f6ca7727)][39m Calling AppiumDriver.findElement() with args: ["xpath","//android.widget.Button[@resource-id=\"android:id/button1\"]","f6ca7727-61da-4d44-b998-b464e201e1f6"]
[debug] [35m[AndroidUiautomator2Driver@e065 (f6ca7727)][39m Valid locator strategies for this request: xpath, id, class name, accessibility id, css selector, -android uiautomator
[debug] [35m[AndroidUiautomator2Driver@e065 (f6ca7727)][39m Waiting up to 0 ms for condition
[debug] [35m[AndroidUiautomator2Driver@e065 (f6ca7727)][39m Matched '/element' to command name 'findElement'
[debug] [35m[AndroidUiautomator2Driver@e065 (f6ca7727)][39m Proxying [POST /element] to [POST http://127.0.0.1:8201/session/42540643-c038-4eca-a2c1-7486f419a535/element] with body: {"strategy":"xpath","selector":"//android.widget.Button[@resource-id=\"android:id/button1\"]","context":"","multiple":false}
[debug] [35m[AndroidUiautomator2Driver@e065 (f6ca7727)][39m Got response with status 200: {"sessionId":"42540643-c038-4eca-a2c1-7486f419a535","value":{"ELEMENT":"00000000-0000-01b2-ffff-ffff00000031","element-6066-11e4-a52e-4f735466cecf":"00000000-0000-01b2-ffff-ffff00000031"}}
[debug] [35m[AndroidUiautomator2Driver@e065 (f6ca7727)][39m Responding to client with driver.findElement() result: {"element-6066-11e4-a52e-4f735466cecf":"00000000-0000-01b2-ffff-ffff00000031","ELEMENT":"00000000-0000-01b2-ffff-ffff00000031"}
[35m[HTTP][39m [37m<-- POST /session/f6ca7727-61da-4d44-b998-b464e201e1f6/element [39m[32m200[39m [90m70 ms - 137[39m
[35m[HTTP][39m [90m[39m
[35m[HTTP][39m [37m-->[39m [37mPOST[39m [37m/session/f6ca7727-61da-4d44-b998-b464e201e1f6/element/00000000-0000-01b2-ffff-ffff00000031/click[39m
[35m[HTTP][39m [90m{}[39m
[debug] [35m[AndroidUiautomator2Driver@e065 (f6ca7727)][39m Calling AppiumDriver.click() with args: ["00000000-0000-01b2-ffff-ffff00000031","f6ca7727-61da-4d44-b998-b464e201e1f6"]
[debug] [35m[AndroidUiautomator2Driver@e065 (f6ca7727)][39m Matched '/element/00000000-0000-01b2-ffff-ffff00000031/click' to command name 'click'
[debug] [35m[AndroidUiautomator2Driver@e065 (f6ca7727)][39m Proxying [POST /element/00000000-0000-01b2-ffff-ffff00000031/click] to [POST http://127.0.0.1:8201/session/42540643-c038-4eca-a2c1-7486f419a535/element/00000000-0000-01b2-ffff-ffff00000031/click] with body: {"element":"00000000-0000-01b2-ffff-ffff00000031"}
[debug] [35m[AndroidUiautomator2Driver@e065 (f6ca7727)][39m Got response with status 200: {"sessionId":"42540643-c038-4eca-a2c1-7486f419a535","value":null}
[debug] [35m[AndroidUiautomator2Driver@e065 (f6ca7727)][39m Responding to client with driver.click() result: null
[35m[HTTP][39m [37m<-- POST /session/f6ca7727-61da-4d44-b998-b464e201e1f6/element/00000000-0000-01b2-ffff-ffff00000031/click [39m[32m200[39m [90m36 ms - 14[39m
[35m[HTTP][39m [90m[39m
[35m[HTTP][39m [37m-->[39m [37mGET[39m [37m/session/f6ca7727-61da-4d44-b998-b464e201e1f6/element/00000000-0000-01b1-ffff-ffff00000004/text[39m
[35m[HTTP][39m [90m{}[39m
[35m[AndroidUiautomator2Driver@e065 (f6ca7727)][39m Driver proxy active, passing request on via HTTP proxy
[debug] [35m[AndroidUiautomator2Driver@e065 (f6ca7727)][39m Matched '/session/f6ca7727-61da-4d44-b998-b464e201e1f6/element/00000000-0000-01b1-ffff-ffff00000004/text' to command name 'getText'
[debug] [35m[AndroidUiautomator2Driver@e065 (f6ca7727)][39m Proxying [GET /session/f6ca7727-61da-4d44-b998-b464e201e1f6/element/00000000-0000-01b1-ffff-ffff00000004/text] to [GET http://127.0.0.1:8201/session/42540643-c038-4eca-a2c1-7486f419a535/element/00000000-0000-01b1-ffff-ffff00000004/text] with no body
[debug] [35m[AndroidUiautomator2Driver@e065 (f6ca7727)][39m Got response with status 200: {"sessionId":"42540643-c038-4eca-a2c1-7486f419a535","value":"11-10-2022 01:02"}
[35m[AndroidUiautomator2Driver@e065 (f6ca7727)][39m Replacing sessionId 42540643-c038-4eca-a2c1-7486f419a535 with f6ca7727-61da-4d44-b998-b464e201e1f6
[35m[HTTP][39m [37m<-- GET /session/f6ca7727-61da-4d44-b998-b464e201e1f6/element/00000000-0000-01b1-ffff-ffff00000004/text [39m[32m200[39m [90m553 ms - 79[39m
[35m[HTTP][39m [90m[39m
[35m[HTTP][39m [37m-->[39m [37mDELETE[39m [37m/session/f6ca7727-61da-4d44-b998-b464e201e1f6[39m
[35m[HTTP][39m [90m{}[39m
[debug] [35m[AndroidUiautomator2Driver@e065 (f6ca7727)][39m Calling AppiumDriver.deleteSession() with args: ["f6ca7727-61da-4d44-b998-b464e201e1f6"]
[debug] [35m[AppiumDriver@e5af][39m Event 'quitSessionRequested' logged at 1666957461036 (13:44:21 GMT+0200 (Central European Summer Time))
[35m[AppiumDriver@e5af][39m Removing session f6ca7727-61da-4d44-b998-b464e201e1f6 from our master session list
[debug] [35m[AndroidUiautomator2Driver@e065 (f6ca7727)][39m Deleting UiAutomator2 session
[debug] [35m[AndroidUiautomator2Driver@e065 (f6ca7727)][39m Deleting UiAutomator2 server session
[debug] [35m[AndroidUiautomator2Driver@e065 (f6ca7727)][39m Matched '/' to command name 'deleteSession'
[debug] [35m[AndroidUiautomator2Driver@e065 (f6ca7727)][39m Proxying [DELETE /] to [DELETE http://127.0.0.1:8201/session/42540643-c038-4eca-a2c1-7486f419a535] with no body
[debug] [35m[AndroidUiautomator2Driver@e065 (f6ca7727)][39m Got response with status 200: {"sessionId":"42540643-c038-4eca-a2c1-7486f419a535","value":null}
[debug] [35m[ADB][39m Running '/Users/juancarlos/Library/Android/sdk/platform-tools/adb -P 5037 -s emulator-5556 shell dumpsys activity services io.appium.settings/.recorder.RecorderService'
[debug] [35m[ADB][39m Running '/Users/juancarlos/Library/Android/sdk/platform-tools/adb -P 5037 -s emulator-5556 shell am force-stop io.appium.android.apis'
[debug] [35m[Instrumentation][39m .
[debug] [35m[Instrumentation][39m Time: 9.03
[debug] [35m[Instrumentation][39m 
[debug] [35m[Instrumentation][39m OK (1 test)
[debug] [35m[Logcat][39m Stopping logcat capture
[debug] [35m[ADB][39m Removing forwarded port socket connection: 8201 
[debug] [35m[ADB][39m Running '/Users/juancarlos/Library/Android/sdk/platform-tools/adb -P 5037 -s emulator-5556 forward --remove tcp:8201'
[35m[AndroidUiautomator2Driver@e065 (f6ca7727)][39m Restoring hidden api policy to the device default configuration
[debug] [35m[ADB][39m Running '/Users/juancarlos/Library/Android/sdk/platform-tools/adb -P 5037 -s emulator-5556 shell 'settings delete global hidden_api_policy_pre_p_apps;settings delete global hidden_api_policy_p_apps;settings delete global hidden_api_policy''
[debug] [35m[AppiumDriver@e5af][39m Event 'quitSessionFinished' logged at 1666957461346 (13:44:21 GMT+0200 (Central European Summer Time))
[debug] [35m[AppiumDriver@e5af][39m Received response: null
[debug] [35m[AppiumDriver@e5af][39m But deleting session, so not returning
[debug] [35m[AppiumDriver@e5af][39m Responding to client with driver.deleteSession() result: null
[35m[HTTP][39m [37m<-- DELETE /session/f6ca7727-61da-4d44-b998-b464e201e1f6 [39m[32m200[39m [90m313 ms - 14[39m
[35m[HTTP][39m [90m[39m
[35m[Appium][39m Received SIGTERM - shutting down
[debug] [35m[AppiumDriver@e5af][39m There are no active sessions for cleanup
[35m[HTTP][39m Waiting until the server is closed
[35m[HTTP][39m Received server close event
